<?xml version="1.0" encoding="UTF-8"?>
<!-- Generated by org.testng.reporters.JUnitReportReporter -->
<testsuite skipped="0" hostname="LAPTOP-Q3VD0TQR" name="com.tricentis.automation.Automobile_TC" tests="2" failures="0" timestamp="2021-04-12T22:22:50 IST" time="0.014" errors="0">
  <testcase name="test2" time="0.002" classname="com.tricentis.automation.Automobile_TC"/>
  <system-out/>
  <testcase name="test1" time="0.012" classname="com.tricentis.automation.Automobile_TC"/>
  <system-out/>
</testsuite> <!-- com.tricentis.automation.Automobile_TC -->
